<?xml version="1.0" encoding="utf-8" standalone="no"?>
<test-results xmlns:xsi="http://www.w3.org/2001/XMLSchema-instance" xsi:noNamespaceSchemaLocation="nunit_schema_2.5.xsd" name="Pester" total="0" errors="0" failures="0" not-run="0" inconclusive="0" ignored="0" skipped="0" invalid="0" date="2017-06-19" time="16:28:18">
  <environment user="brywang" machine-name="BRYWANGDEV" cwd="E:\git\forks\PSSwagger\PSSwagger.LiveTestFramework\test\PSSwagger.LTF.Lib.UnitTests" user-domain="REDMOND" platform="Microsoft Windows 10 Enterprise|C:\WINDOWS|\Device\Harddisk0\Partition1" nunit-version="2.5.8.0" os-version="10.0.15063" clr-version="4.0.30319.42000" />
  <culture-info current-culture="en-US" current-uiculture="en-US" />
  <test-suite type="Powershell" name="Pester" executed="True" result="Success" success="True" time="0" asserts="0">
    <results />
  </test-suite>
</test-results>